{"/Users/murayamayuui/Projects/clinclon_server/src/helpers/JsonConverterHelper.ts": {"path":"/Users/murayamayuui/Projects/clinclon_server/src/helpers/JsonConverterHelper.ts","statementMap":{"0":{"start":{"line":1,"column":0},"end":{"line":1,"column":79}},"1":{"start":{"line":7,"column":8},"end":{"line":7,"column":31}},"2":{"start":{"line":11,"column":8},"end":{"line":11,"column":44}},"3":{"start":{"line":12,"column":8},"end":{"line":12,"column":62}},"4":{"start":{"line":13,"column":8},"end":{"line":13,"column":54}},"5":{"start":{"line":14,"column":8},"end":{"line":14,"column":73}},"6":{"start":{"line":18,"column":8},"end":{"line":18,"column":63}},"7":{"start":{"line":22,"column":25},"end":{"line":22,"column":53}},"8":{"start":{"line":23,"column":0},"end":{"line":23,"column":null}}},"fnMap":{"0":{"name":"(anonymous_0)","decl":{"start":{"line":6,"column":4},"end":{"line":6,"column":null}},"loc":{"start":{"line":6,"column":4},"end":{"line":8,"column":5}}},"1":{"name":"(anonymous_1)","decl":{"start":{"line":10,"column":4},"end":{"line":10,"column":19}},"loc":{"start":{"line":10,"column":19},"end":{"line":15,"column":5}}},"2":{"name":"(anonymous_2)","decl":{"start":{"line":17,"column":11},"end":{"line":17,"column":17}},"loc":{"start":{"line":17,"column":30},"end":{"line":19,"column":5}}}},"branchMap":{"0":{"loc":{"start":{"line":18,"column":15},"end":{"line":18,"column":62}},"type":"binary-expr","locations":[{"start":{"line":18,"column":15},"end":{"line":18,"column":29}},{"start":{"line":18,"column":34},"end":{"line":18,"column":61}}]}},"s":{"0":1,"1":1,"2":1,"3":1,"4":1,"5":1,"6":1,"7":1,"8":1},"f":{"0":1,"1":1,"2":1},"b":{"0":[1,1]}}
,"/Users/murayamayuui/Projects/clinclon_server/src/managers/OTPManager.ts": {"path":"/Users/murayamayuui/Projects/clinclon_server/src/managers/OTPManager.ts","statementMap":{"0":{"start":{"line":1,"column":0},"end":{"line":1,"column":46}},"1":{"start":{"line":2,"column":0},"end":{"line":2,"column":61}},"2":{"start":{"line":3,"column":0},"end":{"line":3,"column":60}},"3":{"start":{"line":4,"column":0},"end":{"line":4,"column":28}},"4":{"start":{"line":5,"column":0},"end":{"line":5,"column":36}},"5":{"start":{"line":6,"column":0},"end":{"line":6,"column":16}},"6":{"start":{"line":8,"column":20},"end":{"line":14,"column":4}},"7":{"start":{"line":27,"column":8},"end":{"line":27,"column":38}},"8":{"start":{"line":31,"column":20},"end":{"line":31,"column":59}},"9":{"start":{"line":32,"column":8},"end":{"line":32,"column":35}},"10":{"start":{"line":36,"column":20},"end":{"line":36,"column":59}},"11":{"start":{"line":38,"column":8},"end":{"line":40,"column":null}},"12":{"start":{"line":39,"column":12},"end":{"line":39,"column":68}},"13":{"start":{"line":41,"column":8},"end":{"line":41,"column":35}},"14":{"start":{"line":45,"column":20},"end":{"line":45,"column":59}},"15":{"start":{"line":46,"column":8},"end":{"line":48,"column":null}},"16":{"start":{"line":47,"column":12},"end":{"line":47,"column":68}},"17":{"start":{"line":49,"column":8},"end":{"line":49,"column":35}},"18":{"start":{"line":53,"column":8},"end":{"line":53,"column":70}},"19":{"start":{"line":57,"column":28},"end":{"line":62,"column":10}},"20":{"start":{"line":63,"column":19},"end":{"line":63,"column":58}},"21":{"start":{"line":64,"column":8},"end":{"line":66,"column":null}},"22":{"start":{"line":65,"column":12},"end":{"line":65,"column":78}},"23":{"start":{"line":67,"column":8},"end":{"line":67,"column":28}},"24":{"start":{"line":71,"column":8},"end":{"line":71,"column":39}},"25":{"start":{"line":72,"column":24},"end":{"line":72,"column":63}},"26":{"start":{"line":73,"column":8},"end":{"line":77,"column":null}},"27":{"start":{"line":74,"column":12},"end":{"line":74,"column":49}},"28":{"start":{"line":76,"column":12},"end":{"line":76,"column":46}},"29":{"start":{"line":78,"column":8},"end":{"line":78,"column":null}},"30":{"start":{"line":82,"column":20},"end":{"line":82,"column":59}},"31":{"start":{"line":83,"column":8},"end":{"line":85,"column":null}},"32":{"start":{"line":84,"column":12},"end":{"line":84,"column":68}},"33":{"start":{"line":86,"column":8},"end":{"line":88,"column":null}},"34":{"start":{"line":87,"column":12},"end":{"line":87,"column":73}},"35":{"start":{"line":90,"column":21},"end":{"line":90,"column":47}},"36":{"start":{"line":91,"column":8},"end":{"line":93,"column":null}},"37":{"start":{"line":92,"column":12},"end":{"line":92,"column":66}},"38":{"start":{"line":97,"column":0},"end":{"line":97,"column":26}}},"fnMap":{"0":{"name":"(anonymous_8)","decl":{"start":{"line":26,"column":4},"end":{"line":26,"column":null}},"loc":{"start":{"line":26,"column":4},"end":{"line":28,"column":5}}},"1":{"name":"(anonymous_9)","decl":{"start":{"line":30,"column":10},"end":{"line":30,"column":16}},"loc":{"start":{"line":30,"column":32},"end":{"line":33,"column":null}}},"2":{"name":"(anonymous_11)","decl":{"start":{"line":35,"column":10},"end":{"line":35,"column":16}},"loc":{"start":{"line":35,"column":32},"end":{"line":42,"column":null}}},"3":{"name":"(anonymous_13)","decl":{"start":{"line":44,"column":10},"end":{"line":44,"column":19}},"loc":{"start":{"line":44,"column":35},"end":{"line":50,"column":null}}},"4":{"name":"(anonymous_15)","decl":{"start":{"line":52,"column":4},"end":{"line":52,"column":15}},"loc":{"start":{"line":52,"column":15},"end":{"line":54,"column":5}}},"5":{"name":"(anonymous_16)","decl":{"start":{"line":56,"column":10},"end":{"line":56,"column":24}},"loc":{"start":{"line":56,"column":40},"end":{"line":68,"column":null}}},"6":{"name":"(anonymous_18)","decl":{"start":{"line":70,"column":10},"end":{"line":70,"column":19}},"loc":{"start":{"line":70,"column":35},"end":{"line":79,"column":null}}},"7":{"name":"(anonymous_20)","decl":{"start":{"line":81,"column":10},"end":{"line":81,"column":19}},"loc":{"start":{"line":81,"column":35},"end":{"line":94,"column":null}}}},"branchMap":{"0":{"loc":{"start":{"line":38,"column":8},"end":{"line":40,"column":null}},"type":"if","locations":[{"start":{"line":38,"column":8},"end":{"line":40,"column":null}}]},"1":{"loc":{"start":{"line":46,"column":8},"end":{"line":48,"column":null}},"type":"if","locations":[{"start":{"line":46,"column":8},"end":{"line":48,"column":null}}]},"2":{"loc":{"start":{"line":64,"column":8},"end":{"line":66,"column":null}},"type":"if","locations":[{"start":{"line":64,"column":8},"end":{"line":66,"column":null}}]},"3":{"loc":{"start":{"line":73,"column":8},"end":{"line":77,"column":null}},"type":"if","locations":[{"start":{"line":73,"column":8},"end":{"line":77,"column":null}},{"start":{"line":75,"column":15},"end":{"line":77,"column":null}}]},"4":{"loc":{"start":{"line":83,"column":8},"end":{"line":85,"column":null}},"type":"if","locations":[{"start":{"line":83,"column":8},"end":{"line":85,"column":null}}]},"5":{"loc":{"start":{"line":86,"column":8},"end":{"line":88,"column":null}},"type":"if","locations":[{"start":{"line":86,"column":8},"end":{"line":88,"column":null}}]},"6":{"loc":{"start":{"line":91,"column":8},"end":{"line":93,"column":null}},"type":"if","locations":[{"start":{"line":91,"column":8},"end":{"line":93,"column":null}}]}},"s":{"0":1,"1":1,"2":1,"3":1,"4":1,"5":1,"6":1,"7":1,"8":1,"9":1,"10":2,"11":2,"12":1,"13":1,"14":2,"15":2,"16":1,"17":1,"18":1,"19":2,"20":2,"21":2,"22":1,"23":1,"24":0,"25":0,"26":0,"27":0,"28":0,"29":0,"30":4,"31":4,"32":1,"33":3,"34":1,"35":2,"36":2,"37":1,"38":1},"f":{"0":1,"1":1,"2":2,"3":2,"4":1,"5":2,"6":0,"7":4},"b":{"0":[1],"1":[1],"2":[1],"3":[0,0],"4":[1],"5":[1],"6":[1]}}
,"/Users/murayamayuui/Projects/clinclon_server/src/models/BaseRequest.ts": {"path":"/Users/murayamayuui/Projects/clinclon_server/src/models/BaseRequest.ts","statementMap":{"0":{"start":{"line":4,"column":8},"end":{"line":4,"column":51}},"1":{"start":{"line":8,"column":8},"end":{"line":8,"column":34}},"2":{"start":{"line":12,"column":0},"end":{"line":12,"column":27}}},"fnMap":{"0":{"name":"(anonymous_0)","decl":{"start":{"line":3,"column":4},"end":{"line":3,"column":null}},"loc":{"start":{"line":3,"column":4},"end":{"line":5,"column":5}}},"1":{"name":"(anonymous_1)","decl":{"start":{"line":7,"column":4},"end":{"line":7,"column":19}},"loc":{"start":{"line":7,"column":19},"end":{"line":9,"column":5}}}},"branchMap":{},"s":{"0":16,"1":0,"2":1},"f":{"0":16,"1":0},"b":{}}
,"/Users/murayamayuui/Projects/clinclon_server/src/models/OTP.ts": {"path":"/Users/murayamayuui/Projects/clinclon_server/src/models/OTP.ts","statementMap":{"0":{"start":{"line":1,"column":0},"end":{"line":1,"column":81}},"1":{"start":{"line":2,"column":0},"end":{"line":2,"column":40}},"2":{"start":{"line":5,"column":0},"end":{"line":8,"column":null}},"3":{"start":{"line":7,"column":4},"end":{"line":7,"column":23}},"4":{"start":{"line":44,"column":8},"end":{"line":44,"column":16}},"5":{"start":{"line":7,"column":4},"end":{"line":7,"column":null}},"6":{"start":{"line":5,"column":6},"end":{"line":8,"column":null}},"7":{"start":{"line":11,"column":0},"end":{"line":18,"column":null}},"8":{"start":{"line":16,"column":8},"end":{"line":16,"column":35}},"9":{"start":{"line":44,"column":18},"end":{"line":44,"column":26}},"10":{"start":{"line":13,"column":4},"end":{"line":13,"column":null}},"11":{"start":{"line":11,"column":6},"end":{"line":18,"column":null}},"12":{"start":{"line":21,"column":0},"end":{"line":28,"column":null}},"13":{"start":{"line":23,"column":4},"end":{"line":23,"column":23}},"14":{"start":{"line":25,"column":4},"end":{"line":25,"column":21}},"15":{"start":{"line":27,"column":4},"end":{"line":27,"column":34}},"16":{"start":{"line":44,"column":28},"end":{"line":44,"column":36}},"17":{"start":{"line":23,"column":4},"end":{"line":23,"column":null}},"18":{"start":{"line":25,"column":4},"end":{"line":25,"column":null}},"19":{"start":{"line":27,"column":4},"end":{"line":27,"column":null}},"20":{"start":{"line":21,"column":6},"end":{"line":28,"column":null}},"21":{"start":{"line":31,"column":0},"end":{"line":40,"column":null}},"22":{"start":{"line":33,"column":4},"end":{"line":33,"column":19}},"23":{"start":{"line":35,"column":4},"end":{"line":35,"column":21}},"24":{"start":{"line":37,"column":4},"end":{"line":37,"column":23}},"25":{"start":{"line":39,"column":4},"end":{"line":39,"column":34}},"26":{"start":{"line":44,"column":38},"end":{"line":44,"column":46}},"27":{"start":{"line":33,"column":4},"end":{"line":33,"column":null}},"28":{"start":{"line":35,"column":4},"end":{"line":35,"column":null}},"29":{"start":{"line":37,"column":4},"end":{"line":37,"column":null}},"30":{"start":{"line":39,"column":4},"end":{"line":39,"column":null}},"31":{"start":{"line":31,"column":6},"end":{"line":40,"column":null}}},"fnMap":{"0":{"name":"(anonymous_2)","decl":{"start":{"line":5,"column":0},"end":{"line":5,"column":6}},"loc":{"start":{"line":5,"column":0},"end":{"line":8,"column":1}}},"1":{"name":"(anonymous_3)","decl":{"start":{"line":15,"column":4},"end":{"line":15,"column":16}},"loc":{"start":{"line":15,"column":30},"end":{"line":17,"column":5}}},"2":{"name":"(anonymous_4)","decl":{"start":{"line":21,"column":0},"end":{"line":21,"column":6}},"loc":{"start":{"line":21,"column":0},"end":{"line":28,"column":1}}},"3":{"name":"(anonymous_5)","decl":{"start":{"line":31,"column":0},"end":{"line":31,"column":6}},"loc":{"start":{"line":31,"column":0},"end":{"line":40,"column":1}}}},"branchMap":{},"s":{"0":1,"1":1,"2":1,"3":3,"4":1,"5":1,"6":1,"7":1,"8":3,"9":1,"10":1,"11":1,"12":1,"13":8,"14":8,"15":8,"16":1,"17":1,"18":1,"19":1,"20":1,"21":1,"22":5,"23":5,"24":5,"25":5,"26":1,"27":1,"28":1,"29":1,"30":1,"31":1},"f":{"0":3,"1":3,"2":8,"3":5},"b":{}}
,"/Users/murayamayuui/Projects/clinclon_server/src/models/ResponseException.ts": {"path":"/Users/murayamayuui/Projects/clinclon_server/src/models/ResponseException.ts","statementMap":{"0":{"start":{"line":7,"column":8},"end":{"line":7,"column":16}},"1":{"start":{"line":8,"column":8},"end":{"line":8,"column":28}},"2":{"start":{"line":9,"column":8},"end":{"line":9,"column":25}},"3":{"start":{"line":10,"column":8},"end":{"line":10,"column":31}},"4":{"start":{"line":14,"column":0},"end":{"line":14,"column":33}}},"fnMap":{"0":{"name":"(anonymous_0)","decl":{"start":{"line":6,"column":4},"end":{"line":6,"column":16}},"loc":{"start":{"line":6,"column":55},"end":{"line":11,"column":5}}}},"branchMap":{},"s":{"0":12,"1":12,"2":12,"3":12,"4":1},"f":{"0":12},"b":{}}
,"/Users/murayamayuui/Projects/clinclon_server/src/repositories/OTPRepo.ts": {"path":"/Users/murayamayuui/Projects/clinclon_server/src/repositories/OTPRepo.ts","statementMap":{"0":{"start":{"line":1,"column":0},"end":{"line":1,"column":51}},"1":{"start":{"line":2,"column":0},"end":{"line":2,"column":28}},"2":{"start":{"line":3,"column":0},"end":{"line":3,"column":61}},"3":{"start":{"line":4,"column":0},"end":{"line":4,"column":62}},"4":{"start":{"line":5,"column":0},"end":{"line":5,"column":60}},"5":{"start":{"line":6,"column":0},"end":{"line":6,"column":16}},"6":{"start":{"line":8,"column":13},"end":{"line":14,"column":4}},"7":{"start":{"line":27,"column":8},"end":{"line":27,"column":44}},"8":{"start":{"line":28,"column":8},"end":{"line":36,"column":null}},"9":{"start":{"line":29,"column":25},"end":{"line":29,"column":60}},"10":{"start":{"line":30,"column":12},"end":{"line":30,"column":24}},"11":{"start":{"line":32,"column":12},"end":{"line":32,"column":null}},"12":{"start":{"line":33,"column":12},"end":{"line":33,"column":23}},"13":{"start":{"line":35,"column":12},"end":{"line":35,"column":35}},"14":{"start":{"line":40,"column":8},"end":{"line":49,"column":null}},"15":{"start":{"line":41,"column":24},"end":{"line":41,"column":113}},"16":{"start":{"line":42,"column":25},"end":{"line":42,"column":57}},"17":{"start":{"line":43,"column":12},"end":{"line":45,"column":null}},"18":{"start":{"line":44,"column":16},"end":{"line":44,"column":28}},"19":{"start":{"line":46,"column":12},"end":{"line":46,"column":90}},"20":{"start":{"line":48,"column":12},"end":{"line":48,"column":73}},"21":{"start":{"line":53,"column":8},"end":{"line":58,"column":null}},"22":{"start":{"line":54,"column":24},"end":{"line":54,"column":128}},"23":{"start":{"line":55,"column":12},"end":{"line":55,"column":80}},"24":{"start":{"line":57,"column":12},"end":{"line":57,"column":76}},"25":{"start":{"line":62,"column":8},"end":{"line":67,"column":null}},"26":{"start":{"line":63,"column":24},"end":{"line":63,"column":96}},"27":{"start":{"line":64,"column":12},"end":{"line":64,"column":80}},"28":{"start":{"line":66,"column":12},"end":{"line":66,"column":73}},"29":{"start":{"line":71,"column":8},"end":{"line":76,"column":null}},"30":{"start":{"line":72,"column":24},"end":{"line":72,"column":67}},"31":{"start":{"line":73,"column":12},"end":{"line":73,"column":51}},"32":{"start":{"line":75,"column":12},"end":{"line":75,"column":76}},"33":{"start":{"line":81,"column":0},"end":{"line":81,"column":23}}},"fnMap":{"0":{"name":"(anonymous_8)","decl":{"start":{"line":26,"column":18},"end":{"line":26,"column":25}},"loc":{"start":{"line":26,"column":50},"end":{"line":37,"column":null}}},"1":{"name":"(anonymous_10)","decl":{"start":{"line":39,"column":10},"end":{"line":39,"column":16}},"loc":{"start":{"line":39,"column":30},"end":{"line":50,"column":null}}},"2":{"name":"(anonymous_12)","decl":{"start":{"line":52,"column":10},"end":{"line":52,"column":16}},"loc":{"start":{"line":52,"column":32},"end":{"line":59,"column":null}}},"3":{"name":"(anonymous_14)","decl":{"start":{"line":61,"column":10},"end":{"line":61,"column":19}},"loc":{"start":{"line":61,"column":35},"end":{"line":68,"column":null}}},"4":{"name":"(anonymous_16)","decl":{"start":{"line":70,"column":10},"end":{"line":70,"column":19}},"loc":{"start":{"line":70,"column":35},"end":{"line":77,"column":null}}}},"branchMap":{"0":{"loc":{"start":{"line":43,"column":12},"end":{"line":45,"column":null}},"type":"if","locations":[{"start":{"line":43,"column":12},"end":{"line":45,"column":null}}]},"1":{"loc":{"start":{"line":43,"column":16},"end":{"line":43,"column":33}},"type":"cond-expr","locations":[{"start":{"line":43,"column":20},"end":{"line":43,"column":22}},{"start":{"line":43,"column":16},"end":{"line":43,"column":33}}]},"2":{"loc":{"start":{"line":43,"column":16},"end":{"line":43,"column":22}},"type":"binary-expr","locations":[{"start":{"line":43,"column":16},"end":{"line":43,"column":22}},{"start":{"line":43,"column":16},"end":{"line":43,"column":22}}]},"3":{"loc":{"start":{"line":46,"column":65},"end":{"line":46,"column":78}},"type":"cond-expr","locations":[{"start":{"line":46,"column":69},"end":{"line":46,"column":71}},{"start":{"line":46,"column":65},"end":{"line":46,"column":78}}]},"4":{"loc":{"start":{"line":46,"column":65},"end":{"line":46,"column":71}},"type":"binary-expr","locations":[{"start":{"line":46,"column":65},"end":{"line":46,"column":71}},{"start":{"line":46,"column":65},"end":{"line":46,"column":71}}]}},"s":{"0":1,"1":1,"2":1,"3":1,"4":1,"5":1,"6":1,"7":0,"8":0,"9":0,"10":0,"11":0,"12":0,"13":0,"14":0,"15":0,"16":0,"17":0,"18":0,"19":0,"20":0,"21":0,"22":0,"23":0,"24":0,"25":0,"26":0,"27":0,"28":0,"29":0,"30":0,"31":0,"32":0,"33":1},"f":{"0":0,"1":0,"2":0,"3":0,"4":0},"b":{"0":[0],"1":[0,0],"2":[0,0],"3":[0,0],"4":[0,0]}}
}
