TN:
SF:src/helpers/JsonConverterHelper.ts
FN:6,(anonymous_0)
FN:10,(anonymous_1)
FN:17,(anonymous_2)
FNF:3
FNH:3
FNDA:1,(anonymous_0)
FNDA:1,(anonymous_1)
FNDA:1,(anonymous_2)
DA:1,1
DA:7,1
DA:11,1
DA:12,1
DA:13,1
DA:14,1
DA:18,1
DA:22,1
DA:23,1
LF:9
LH:9
BRDA:18,0,0,1
BRDA:18,0,1,1
BRF:2
BRH:2
end_of_record
TN:
SF:src/managers/OTPManager.ts
FN:26,(anonymous_8)
FN:30,(anonymous_9)
FN:35,(anonymous_11)
FN:44,(anonymous_13)
FN:52,(anonymous_15)
FN:56,(anonymous_16)
FN:70,(anonymous_18)
FN:81,(anonymous_20)
FNF:8
FNH:7
FNDA:1,(anonymous_8)
FNDA:1,(anonymous_9)
FNDA:2,(anonymous_11)
FNDA:2,(anonymous_13)
FNDA:1,(anonymous_15)
FNDA:2,(anonymous_16)
FNDA:0,(anonymous_18)
FNDA:4,(anonymous_20)
DA:1,1
DA:2,1
DA:3,1
DA:4,1
DA:5,1
DA:6,1
DA:8,1
DA:27,1
DA:31,1
DA:32,1
DA:36,2
DA:38,2
DA:39,1
DA:41,1
DA:45,2
DA:46,2
DA:47,1
DA:49,1
DA:53,1
DA:57,2
DA:63,2
DA:64,2
DA:65,1
DA:67,1
DA:71,0
DA:72,0
DA:73,0
DA:74,0
DA:76,0
DA:78,0
DA:82,4
DA:83,4
DA:84,1
DA:86,3
DA:87,1
DA:90,2
DA:91,2
DA:92,1
DA:97,1
LF:39
LH:33
BRDA:38,0,0,1
BRDA:46,1,0,1
BRDA:64,2,0,1
BRDA:73,3,0,0
BRDA:73,3,1,0
BRDA:83,4,0,1
BRDA:86,5,0,1
BRDA:91,6,0,1
BRF:8
BRH:6
end_of_record
TN:
SF:src/models/BaseRequest.ts
FN:3,(anonymous_0)
FN:7,(anonymous_1)
FNF:2
FNH:1
FNDA:16,(anonymous_0)
FNDA:0,(anonymous_1)
DA:4,16
DA:8,0
DA:12,1
LF:3
LH:2
BRF:0
BRH:0
end_of_record
TN:
SF:src/models/OTP.ts
FN:5,(anonymous_2)
FN:15,(anonymous_3)
FN:21,(anonymous_4)
FN:31,(anonymous_5)
FNF:4
FNH:4
FNDA:3,(anonymous_2)
FNDA:3,(anonymous_3)
FNDA:8,(anonymous_4)
FNDA:5,(anonymous_5)
DA:1,1
DA:2,1
DA:5,1
DA:7,3
DA:11,1
DA:13,1
DA:16,3
DA:21,1
DA:23,8
DA:25,8
DA:27,8
DA:31,1
DA:33,5
DA:35,5
DA:37,5
DA:39,5
DA:44,1
LF:17
LH:17
BRF:0
BRH:0
end_of_record
TN:
SF:src/models/ResponseException.ts
FN:6,(anonymous_0)
FNF:1
FNH:1
FNDA:12,(anonymous_0)
DA:7,12
DA:8,12
DA:9,12
DA:10,12
DA:14,1
LF:5
LH:5
BRF:0
BRH:0
end_of_record
TN:
SF:src/repositories/OTPRepo.ts
FN:26,(anonymous_8)
FN:39,(anonymous_10)
FN:52,(anonymous_12)
FN:61,(anonymous_14)
FN:70,(anonymous_16)
FNF:5
FNH:0
FNDA:0,(anonymous_8)
FNDA:0,(anonymous_10)
FNDA:0,(anonymous_12)
FNDA:0,(anonymous_14)
FNDA:0,(anonymous_16)
DA:1,1
DA:2,1
DA:3,1
DA:4,1
DA:5,1
DA:6,1
DA:8,1
DA:27,0
DA:28,0
DA:29,0
DA:30,0
DA:32,0
DA:33,0
DA:35,0
DA:40,0
DA:41,0
DA:42,0
DA:43,0
DA:44,0
DA:46,0
DA:48,0
DA:53,0
DA:54,0
DA:55,0
DA:57,0
DA:62,0
DA:63,0
DA:64,0
DA:66,0
DA:71,0
DA:72,0
DA:73,0
DA:75,0
DA:81,1
LF:34
LH:8
BRDA:43,0,0,0
BRDA:43,1,0,0
BRDA:43,1,1,0
BRDA:43,2,0,0
BRDA:43,2,1,0
BRDA:46,3,0,0
BRDA:46,3,1,0
BRDA:46,4,0,0
BRDA:46,4,1,0
BRF:9
BRH:0
end_of_record
